-------------------------------------------------------------------------------
Test set: runner.TestRunner
-------------------------------------------------------------------------------
Tests run: 1, Failures: 0, Errors: 1, Skipped: 0, Time elapsed: 6.552 s <<< FAILURE! - in runner.TestRunner
Register to Retail Website(Tek School Retail Website)  Time elapsed: 3.864 s  <<< ERROR!
io.cucumber.junit.UndefinedStepException: 
The step 'user click on Register option' and 4 other step(s) are undefined.
You can implement these steps using the snippet(s) below:

@When("user click on Register option")
public void user_click_on_register_option() {
    // Write code here that turns the phrase above into concrete actions
    throw new io.cucumber.java.PendingException();
}
@When("user fill the register form with below information")
public void user_fill_the_register_form_with_below_information(io.cucumber.datatable.DataTable dataTable) {
    // Write code here that turns the phrase above into concrete actions
    // For automatic transformation, change DataTable to one of
    // E, List<E>, List<List<E>>, List<Map<K,V>>, Map<K,V> or
    // Map<K, List<V>>. E,K,V must be a String, Integer, Float,
    // Double, Byte, Short, Long, BigInteger or BigDecimal.
    //
    // For other transformations you can register a DataTableType.
    throw new io.cucumber.java.PendingException();
}
@When("user accept privacyPolicy")
public void user_accept_privacy_policy() {
    // Write code here that turns the phrase above into concrete actions
    throw new io.cucumber.java.PendingException();
}
@When("user click on Continue Button")
public void user_click_on_continue_button() {
    // Write code here that turns the phrase above into concrete actions
    throw new io.cucumber.java.PendingException();
}
@Then("user should see a successfull message {string}")
public void user_should_see_a_successfull_message(String string) {
    // Write code here that turns the phrase above into concrete actions
    throw new io.cucumber.java.PendingException();
}


