<?xml version="1.0" encoding="UTF-8"?>
<testsuite xmlns:xsi="http://www.w3.org/2001/XMLSchema-instance" xsi:noNamespaceSchemaLocation="https://maven.apache.org/surefire/maven-surefire-plugin/xsd/surefire-test-report.xsd" name="runner.TestRunner" time="6.552" tests="1" errors="1" skipped="0" failures="0">
  <properties>
[...]
</properties>
  <testcase name="Register to Retail Website" classname="Tek School Retail Website" time="3.864">
    <error message="The step &apos;user click on Register option&apos; and 4 other step(s) are undefined.&#10;You can implement these steps using the snippet(s) below:&#10;&#10;@When(&quot;user click on Register option&quot;)&#10;public void user_click_on_register_option() {&#10;    // Write code here that turns the phrase above into concrete actions&#10;    throw new io.cucumber.java.PendingException();&#10;}&#10;@When(&quot;user fill the register form with below information&quot;)&#10;public void user_fill_the_register_form_with_below_information(io.cucumber.datatable.DataTable dataTable) {&#10;    // Write code here that turns the phrase above into concrete actions&#10;    // For automatic transformation, change DataTable to one of&#10;    // E, List&lt;E&gt;, List&lt;List&lt;E&gt;&gt;, List&lt;Map&lt;K,V&gt;&gt;, Map&lt;K,V&gt; or&#10;    // Map&lt;K, List&lt;V&gt;&gt;. E,K,V must be a String, Integer, Float,&#10;    // Double, Byte, Short, Long, BigInteger or BigDecimal.&#10;    //&#10;    // For other transformations you can register a DataTableType.&#10;    throw new io.cucumber.java.PendingException();&#10;}&#10;@When(&quot;user accept privacyPolicy&quot;)&#10;public void user_accept_privacy_policy() {&#10;    // Write code here that turns the phrase above into concrete actions&#10;    throw new io.cucumber.java.PendingException();&#10;}&#10;@When(&quot;user click on Continue Button&quot;)&#10;public void user_click_on_continue_button() {&#10;    // Write code here that turns the phrase above into concrete actions&#10;    throw new io.cucumber.java.PendingException();&#10;}&#10;@Then(&quot;user should see a successfull message {string}&quot;)&#10;public void user_should_see_a_successfull_message(String string) {&#10;    // Write code here that turns the phrase above into concrete actions&#10;    throw new io.cucumber.java.PendingException();&#10;}&#10;" type="io.cucumber.junit.UndefinedStepException"><![CDATA[io.cucumber.junit.UndefinedStepException: 
The step 'user click on Register option' and 4 other step(s) are undefined.
You can implement these steps using the snippet(s) below:

@When("user click on Register option")
public void user_click_on_register_option() {
    // Write code here that turns the phrase above into concrete actions
    throw new io.cucumber.java.PendingException();
}
@When("user fill the register form with below information")
public void user_fill_the_register_form_with_below_information(io.cucumber.datatable.DataTable dataTable) {
    // Write code here that turns the phrase above into concrete actions
    // For automatic transformation, change DataTable to one of
    // E, List<E>, List<List<E>>, List<Map<K,V>>, Map<K,V> or
    // Map<K, List<V>>. E,K,V must be a String, Integer, Float,
    // Double, Byte, Short, Long, BigInteger or BigDecimal.
    //
    // For other transformations you can register a DataTableType.
    throw new io.cucumber.java.PendingException();
}
@When("user accept privacyPolicy")
public void user_accept_privacy_policy() {
    // Write code here that turns the phrase above into concrete actions
    throw new io.cucumber.java.PendingException();
}
@When("user click on Continue Button")
public void user_click_on_continue_button() {
    // Write code here that turns the phrase above into concrete actions
    throw new io.cucumber.java.PendingException();
}
@Then("user should see a successfull message {string}")
public void user_should_see_a_successfull_message(String string) {
    // Write code here that turns the phrase above into concrete actions
    throw new io.cucumber.java.PendingException();
}

]]></error>
    <system-out><![CDATA[
@register
Scenario: Register to Retail Website                                          # feature/Retail.feature:21
 INFO [main] (Initialzer.java:11)- Scenario Register to Retail Website started
 INFO [main] (HomeStepDef.java:21)- user is on Home Page
  Given user is on Retail home                                                # step.definations.HomeStepDef.user_is_on_retail_home()
 INFO [main] (HomeStepDef.java:26)- user clicked on MyAccount
  When user click on MyAccount                                                # step.definations.HomeStepDef.user_click_on_my_account()
  And user click on Register option                                           # null
  And user fill the register form with below information                      # null
  And user accept privacyPolicy                                               # null
  And user click on Continue Button                                           # null
  Then user should see a successfull message "Your Account Has Been Created!" # null
 INFO [main] (Initialzer.java:19)- Scenario Register to Retail WebsiteUNDEFINED
]]></system-out>
    <system-err><![CDATA[SLF4J: Failed to load class "org.slf4j.impl.StaticLoggerBinder".
SLF4J: Defaulting to no-operation (NOP) logger implementation
SLF4J: See http://www.slf4j.org/codes.html#StaticLoggerBinder for further details.
Starting ChromeDriver 105.0.5195.52 (412c95e518836d8a7d97250d62b29c2ae6a26a85-refs/branch-heads/5195@{#853}) on port 44764
Only local connections are allowed.
Please see https://chromedriver.chromium.org/security-considerations for suggestions on keeping ChromeDriver safe.
ChromeDriver was started successfully.
Sep 08, 2022 3:57:32 PM org.openqa.selenium.remote.ProtocolHandshake createSession
INFO: Detected dialect: W3C
]]></system-err>
  </testcase>
</testsuite>